c:\ngoc.dangxuan\frameworkc++\debug\vc140.pdb
c:\ngoc.dangxuan\frameworkc++\debug\vc140.idb
c:\ngoc.dangxuan\frameworkc++\debug\circle.obj
c:\ngoc.dangxuan\frameworkc++\debug\collisionmanager.obj
c:\ngoc.dangxuan\frameworkc++\debug\plane.obj
c:\ngoc.dangxuan\frameworkc++\debug\rect.obj
c:\ngoc.dangxuan\frameworkc++\debug\object.obj
c:\ngoc.dangxuan\frameworkc++\debug\scenemanager.obj
c:\ngoc.dangxuan\frameworkc++\debug\main.obj
c:\ngoc.dangxuan\frameworkc++\debug\matrix.obj
c:\ngoc.dangxuan\frameworkc++\debug\shadermanager.obj
c:\ngoc.dangxuan\frameworkc++\debug\videodriver.obj
c:\ngoc.dangxuan\frameworkc++\bin\framework.ilk
c:\ngoc.dangxuan\frameworkc++\bin\framework.exe
c:\ngoc.dangxuan\frameworkc++\bin\framework.pdb
c:\ngoc.dangxuan\frameworkc++\debug\framework.tlog\cl.command.1.tlog
c:\ngoc.dangxuan\frameworkc++\debug\framework.tlog\cl.read.1.tlog
c:\ngoc.dangxuan\frameworkc++\debug\framework.tlog\cl.write.1.tlog
c:\ngoc.dangxuan\frameworkc++\debug\framework.tlog\link.command.1.tlog
c:\ngoc.dangxuan\frameworkc++\debug\framework.tlog\link.read.1.tlog
c:\ngoc.dangxuan\frameworkc++\debug\framework.tlog\link.write.1.tlog
